0 info it worked if it ends with ok
1 verbose cli [ '/usr/local/bin/node', '/usr/local/bin/npm', 'run', 'sel' ]
2 info using npm@3.10.3
3 info using node@v6.4.0
4 verbose run-script [ 'presel', 'sel', 'postsel' ]
5 info lifecycle axe-integration-test@1.0.0~presel: axe-integration-test@1.0.0
6 silly lifecycle axe-integration-test@1.0.0~presel: no script for presel, continuing
7 info lifecycle axe-integration-test@1.0.0~sel: axe-integration-test@1.0.0
8 verbose lifecycle axe-integration-test@1.0.0~sel: unsafe-perm in lifecycle true
9 verbose lifecycle axe-integration-test@1.0.0~sel: PATH: /usr/local/lib/node_modules/npm/bin/node-gyp-bin:/Users/joshuajhun/axe-integration-test/node_modules/.bin:/usr/local/bin:/Users/joshuajhun/.rvm/gems/ruby-2.2.3/bin:/Users/joshuajhun/.rvm/gems/ruby-2.2.3@global/bin:/Users/joshuajhun/.rvm/rubies/ruby-2.2.3/bin:/Users/joshuajhun/.node/bin:/Users/joshuajhun/.rvm/gems/ruby-2.2.1/bin:/Users/joshuajhun/.rvm/gems/ruby-2.2.1@global/bin:/Users/joshuajhun/.rvm/rubies/ruby-2.2.1/bin:/usr/local/bin:/Users/joshuajhun/bin:/Users/joshuajhun/code/dotfiles/bin:/usr/local/bin:/usr/bin:/bin:/usr/sbin:/sbin:/usr/local/git/bin:/Users/joshuajhun/.rvm/bin:/Users/joshuajhun/.rvm/bin
10 verbose lifecycle axe-integration-test@1.0.0~sel: CWD: /Users/joshuajhun/axe-integration-test
11 silly lifecycle axe-integration-test@1.0.0~sel: Args: [ '-c', 'java -jar selenium-server-standalone-2.53.0.jar' ]
12 silly lifecycle axe-integration-test@1.0.0~sel: Returned: code: 1  signal: null
13 info lifecycle axe-integration-test@1.0.0~sel: Failed to exec sel script
14 verbose stack Error: axe-integration-test@1.0.0 sel: `java -jar selenium-server-standalone-2.53.0.jar`
14 verbose stack Exit status 1
14 verbose stack     at EventEmitter.<anonymous> (/usr/local/lib/node_modules/npm/lib/utils/lifecycle.js:242:16)
14 verbose stack     at emitTwo (events.js:106:13)
14 verbose stack     at EventEmitter.emit (events.js:191:7)
14 verbose stack     at ChildProcess.<anonymous> (/usr/local/lib/node_modules/npm/lib/utils/spawn.js:40:14)
14 verbose stack     at emitTwo (events.js:106:13)
14 verbose stack     at ChildProcess.emit (events.js:191:7)
14 verbose stack     at maybeClose (internal/child_process.js:852:16)
14 verbose stack     at Process.ChildProcess._handle.onexit (internal/child_process.js:215:5)
15 verbose pkgid axe-integration-test@1.0.0
16 verbose cwd /Users/joshuajhun/axe-integration-test
17 error Darwin 15.6.0
18 error argv "/usr/local/bin/node" "/usr/local/bin/npm" "run" "sel"
19 error node v6.4.0
20 error npm  v3.10.3
21 error code ELIFECYCLE
22 error axe-integration-test@1.0.0 sel: `java -jar selenium-server-standalone-2.53.0.jar`
22 error Exit status 1
23 error Failed at the axe-integration-test@1.0.0 sel script 'java -jar selenium-server-standalone-2.53.0.jar'.
23 error Make sure you have the latest version of node.js and npm installed.
23 error If you do, this is most likely a problem with the axe-integration-test package,
23 error not with npm itself.
23 error Tell the author that this fails on your system:
23 error     java -jar selenium-server-standalone-2.53.0.jar
23 error You can get information on how to open an issue for this project with:
23 error     npm bugs axe-integration-test
23 error Or if that isn't available, you can get their info via:
23 error     npm owner ls axe-integration-test
23 error There is likely additional logging output above.
24 verbose exit [ 1, true ]
